#
# There is insufficient memory for the Java Runtime Environment to continue.
# Native memory allocation (malloc) failed to allocate 34976 bytes for Chunk::new
# Possible reasons:
#   The system is out of physical RAM or swap space
#   The process is running with CompressedOops enabled, and the Java Heap may be blocking the growth of the native heap
# Possible solutions:
#   Reduce memory load on the system
#   Increase physical memory or swap space
#   Check if swap backing store is full
#   Decrease Java heap size (-Xmx/-Xms)
#   Decrease number of Java threads
#   Decrease Java thread stack sizes (-Xss)
#   Set larger code cache with -XX:ReservedCodeCacheSize=
#   JVM is running with Unscaled Compressed Oops mode in which the Java heap is
#     placed in the first 4GB address space. The Java Heap base address is the
#     maximum limit for the native heap growth. Please use -XX:HeapBaseMinAddress
#     to set the Java Heap base and to place the Java Heap above 4GB virtual address.
# This output file may be truncated or incomplete.
#
#  Out of Memory Error (t:/workspace/open/src/hotspot/share/memory/arena.cpp:196), pid=10628, tid=7692
#
# JRE version: Java(TM) SE Runtime Environment (13.0.2+8) (build 13.0.2+8)
# Java VM: Java HotSpot(TM) 64-Bit Server VM (13.0.2+8, mixed mode, sharing, tiered, compressed oops, g1 gc, windows-amd64)
# No core dump will be written. Minidumps are not enabled by default on client versions of Windows
#

---------------  S U M M A R Y ------------

Command Line: -javaagent:C:\Program Files\JetBrains\IntelliJ IDEA Community Edition 2020.1\lib\idea_rt.jar=62766:C:\Program Files\JetBrains\IntelliJ IDEA Community Edition 2020.1\bin -Dfile.encoding=UTF-8 pyf

Host: Intel(R) Core(TM) i5-8250U CPU @ 1.60GHz, 8 cores, 7G,  Windows 10 , 64 bit Build 18362 (10.0.18362.778)
Time: Fri May 22 00:29:45 2020 RTZ 2 (ceia) elapsed time: 0 seconds (0d 0h 0m 0s)

---------------  T H R E A D  ---------------

Current thread (0x000001c5e0d8b000):  JavaThread "C2 CompilerThread0" daemon [_thread_in_native, id=7692, stack(0x000000a0a7a00000,0x000000a0a7b00000)]


Current CompileTask:
C2:     79  100       4       java.lang.String::hashCode (60 bytes)

Stack: [0x000000a0a7a00000,0x000000a0a7b00000]
Native frames: (J=compiled Java code, j=interpreted, Vv=VM code, C=native code)
V  [jvm.dll+0x624f9a]
V  [jvm.dll+0x770cfa]
V  [jvm.dll+0x7724af]
V  [jvm.dll+0x772ab3]
V  [jvm.dll+0x24bf08]
V  [jvm.dll+0xc1e47]
V  [jvm.dll+0xc23cc]
V  [jvm.dll+0x2bdbf4]
V  [jvm.dll+0x5441fd]
V  [jvm.dll+0x20e00a]
V  [jvm.dll+0x207ace]
V  [jvm.dll+0x204d1d]
V  [jvm.dll+0x189c2c]
V  [jvm.dll+0x213e6d]
V  [jvm.dll+0x2120bb]
V  [jvm.dll+0x736bb6]
V  [jvm.dll+0x72fcaa]
V  [jvm.dll+0x623ea6]
C  [ucrtbase.dll+0x20e82]
C  [KERNEL32.DLL+0x17bd4]
C  [ntdll.dll+0x6ce51]


---------------  P R O C E S S  ---------------

Threads class SMR info:
_java_thread_list=0x000001c5e177aa00, length=10, elements={
0x000001c5c1e6c800, 0x000001c5e0d65800, 0x000001c5e0d68800, 0x000001c5e0d87800,
0x000001c5e0d89800, 0x000001c5e0d8b000, 0x000001c5e0d8c000, 0x000001c5e0d8d800,
0x000001c5e0d4d800, 0x000001c5e17d3000
}

Java Threads: ( => current thread )
  0x000001c5c1e6c800 JavaThread "main" [_thread_in_vm, id=7732, stack(0x000000a0a6f00000,0x000000a0a7000000)]
  0x000001c5e0d65800 JavaThread "Reference Handler" daemon [_thread_blocked, id=10756, stack(0x000000a0a7600000,0x000000a0a7700000)]
  0x000001c5e0d68800 JavaThread "Finalizer" daemon [_thread_blocked, id=7536, stack(0x000000a0a7700000,0x000000a0a7800000)]
  0x000001c5e0d87800 JavaThread "Signal Dispatcher" daemon [_thread_blocked, id=10160, stack(0x000000a0a7800000,0x000000a0a7900000)]
  0x000001c5e0d89800 JavaThread "Attach Listener" daemon [_thread_blocked, id=6236, stack(0x000000a0a7900000,0x000000a0a7a00000)]
=>0x000001c5e0d8b000 JavaThread "C2 CompilerThread0" daemon [_thread_in_native, id=7692, stack(0x000000a0a7a00000,0x000000a0a7b00000)]
  0x000001c5e0d8c000 JavaThread "C1 CompilerThread0" daemon [_thread_blocked, id=4728, stack(0x000000a0a7b00000,0x000000a0a7c00000)]
  0x000001c5e0d8d800 JavaThread "Sweeper thread" daemon [_thread_blocked, id=7052, stack(0x000000a0a7c00000,0x000000a0a7d00000)]
  0x000001c5e0d4d800 JavaThread "Common-Cleaner" daemon [_thread_blocked, id=10432, stack(0x000000a0a7d00000,0x000000a0a7e00000)]
  0x000001c5e17d3000 JavaThread "C2 CompilerThread1" daemon [_thread_blocked, id=10324, stack(0x000000a0a7e00000,0x000000a0a7f00000)]

Other Threads:
  0x000001c5e0d64800 VMThread "VM Thread" [stack: 0x000000a0a7500000,0x000000a0a7600000] [id=5468]
  0x000001c5c1eb1000 GCTaskThread "GC Thread#0" [stack: 0x000000a0a7000000,0x000000a0a7100000] [id=10944]
  0x000001c5c1ec2800 ConcurrentGCThread "G1 Main Marker" [stack: 0x000000a0a7100000,0x000000a0a7200000] [id=10836]
  0x000001c5c1ec3800 ConcurrentGCThread "G1 Conc#0" [stack: 0x000000a0a7200000,0x000000a0a7300000] [id=8144]
  0x000001c5e0be3800 ConcurrentGCThread "G1 Refine#0" [stack: 0x000000a0a7300000,0x000000a0a7400000] [id=11020]
  0x000001c5e0be5000 ConcurrentGCThread "G1 Young RemSet Sampling" [stack: 0x000000a0a7400000,0x000000a0a7500000] [id=7884]

Threads with active compile tasks:
C2 CompilerThread0       95  100       4       java.lang.String::hashCode (60 bytes)

VM state:not at safepoint (normal execution)

VM Mutex/Monitor currently owned by a thread:  ([mutex/lock_event])
[0x000001c5c1e67d70] ClassLoaderDataGraph_lock - owner thread: 0x000001c5c1e6c800

Heap address: 0x0000000081600000, size: 2026 MB, Compressed Oops mode: 32-bit
Narrow klass base: 0x0000000800000000, Narrow klass shift: 3
Compressed class space size: 1073741824 Address: 0x0000000800b40000

Heap:
 garbage-first heap   total 131072K, used 1024K [0x0000000081600000, 0x0000000100000000)
  region size 1024K, 2 young (2048K), 0 survivors (0K)
 Metaspace       used 345K, capacity 4515K, committed 4864K, reserved 1056768K
  class space    used 32K, capacity 398K, committed 512K, reserved 1048576K
Heap Regions: E=young(eden), S=young(survivor), O=old, HS=humongous(starts), HC=humongous(continues), CS=collection set, F=free, A=archive, TAMS=top-at-mark-start (previous, next)
|   0|0x0000000081600000, 0x0000000081600000, 0x0000000081700000|  0%| F|  |TAMS 0x0000000081600000, 0x0000000081600000| Untracked 
|   1|0x0000000081700000, 0x0000000081700000, 0x0000000081800000|  0%| F|  |TAMS 0x0000000081700000, 0x0000000081700000| Untracked 
|   2|0x0000000081800000, 0x0000000081800000, 0x0000000081900000|  0%| F|  |TAMS 0x0000000081800000, 0x0000000081800000| Untracked 
|   3|0x0000000081900000, 0x0000000081900000, 0x0000000081a00000|  0%| F|  |TAMS 0x0000000081900000, 0x0000000081900000| Untracked 
|   4|0x0000000081a00000, 0x0000000081a00000, 0x0000000081b00000|  0%| F|  |TAMS 0x0000000081a00000, 0x0000000081a00000| Untracked 
|   5|0x0000000081b00000, 0x0000000081b00000, 0x0000000081c00000|  0%| F|  |TAMS 0x0000000081b00000, 0x0000000081b00000| Untracked 
|   6|0x0000000081c00000, 0x0000000081c00000, 0x0000000081d00000|  0%| F|  |TAMS 0x0000000081c00000, 0x0000000081c00000| Untracked 
|   7|0x0000000081d00000, 0x0000000081d00000, 0x0000000081e00000|  0%| F|  |TAMS 0x0000000081d00000, 0x0000000081d00000| Untracked 
|   8|0x0000000081e00000, 0x0000000081e00000, 0x0000000081f00000|  0%| F|  |TAMS 0x0000000081e00000, 0x0000000081e00000| Untracked 
|   9|0x0000000081f00000, 0x0000000081f00000, 0x0000000082000000|  0%| F|  |TAMS 0x0000000081f00000, 0x0000000081f00000| Untracked 
|  10|0x0000000082000000, 0x0000000082000000, 0x0000000082100000|  0%| F|  |TAMS 0x0000000082000000, 0x0000000082000000| Untracked 
|  11|0x0000000082100000, 0x0000000082100000, 0x0000000082200000|  0%| F|  |TAMS 0x0000000082100000, 0x0000000082100000| Untracked 
|  12|0x0000000082200000, 0x0000000082200000, 0x0000000082300000|  0%| F|  |TAMS 0x0000000082200000, 0x0000000082200000| Untracked 
|  13|0x0000000082300000, 0x0000000082300000, 0x0000000082400000|  0%| F|  |TAMS 0x0000000082300000, 0x0000000082300000| Untracked 
|  14|0x0000000082400000, 0x0000000082400000, 0x0000000082500000|  0%| F|  |TAMS 0x0000000082400000, 0x0000000082400000| Untracked 
|  15|0x0000000082500000, 0x0000000082500000, 0x0000000082600000|  0%| F|  |TAMS 0x0000000082500000, 0x0000000082500000| Untracked 
|  16|0x0000000082600000, 0x0000000082600000, 0x0000000082700000|  0%| F|  |TAMS 0x0000000082600000, 0x0000000082600000| Untracked 
|  17|0x0000000082700000, 0x0000000082700000, 0x0000000082800000|  0%| F|  |TAMS 0x0000000082700000, 0x0000000082700000| Untracked 
|  18|0x0000000082800000, 0x0000000082800000, 0x0000000082900000|  0%| F|  |TAMS 0x0000000082800000, 0x0000000082800000| Untracked 
|  19|0x0000000082900000, 0x0000000082900000, 0x0000000082a00000|  0%| F|  |TAMS 0x0000000082900000, 0x0000000082900000| Untracked 
|  20|0x0000000082a00000, 0x0000000082a00000, 0x0000000082b00000|  0%| F|  |TAMS 0x0000000082a00000, 0x0000000082a00000| Untracked 
|  21|0x0000000082b00000, 0x0000000082b00000, 0x0000000082c00000|  0%| F|  |TAMS 0x0000000082b00000, 0x0000000082b00000| Untracked 
|  22|0x0000000082c00000, 0x0000000082c00000, 0x0000000082d00000|  0%| F|  |TAMS 0x0000000082c00000, 0x0000000082c00000| Untracked 
|  23|0x0000000082d00000, 0x0000000082d00000, 0x0000000082e00000|  0%| F|  |TAMS 0x0000000082d00000, 0x0000000082d00000| Untracked 
|  24|0x0000000082e00000, 0x0000000082e00000, 0x0000000082f00000|  0%| F|  |TAMS 0x0000000082e00000, 0x0000000082e00000| Untracked 
|  25|0x0000000082f00000, 0x0000000082f00000, 0x0000000083000000|  0%| F|  |TAMS 0x0000000082f00000, 0x0000000082f00000| Untracked 
|  26|0x0000000083000000, 0x0000000083000000, 0x0000000083100000|  0%| F|  |TAMS 0x0000000083000000, 0x0000000083000000| Untracked 
|  27|0x0000000083100000, 0x0000000083100000, 0x0000000083200000|  0%| F|  |TAMS 0x0000000083100000, 0x0000000083100000| Untracked 
|  28|0x0000000083200000, 0x0000000083200000, 0x0000000083300000|  0%| F|  |TAMS 0x0000000083200000, 0x0000000083200000| Untracked 
|  29|0x0000000083300000, 0x0000000083300000, 0x0000000083400000|  0%| F|  |TAMS 0x0000000083300000, 0x0000000083300000| Untracked 
|  30|0x0000000083400000, 0x0000000083400000, 0x0000000083500000|  0%| F|  |TAMS 0x0000000083400000, 0x0000000083400000| Untracked 
|  31|0x0000000083500000, 0x0000000083500000, 0x0000000083600000|  0%| F|  |TAMS 0x0000000083500000, 0x0000000083500000| Untracked 
|  32|0x0000000083600000, 0x0000000083600000, 0x0000000083700000|  0%| F|  |TAMS 0x0000000083600000, 0x0000000083600000| Untracked 
|  33|0x0000000083700000, 0x0000000083700000, 0x0000000083800000|  0%| F|  |TAMS 0x0000000083700000, 0x0000000083700000| Untracked 
|  34|0x0000000083800000, 0x0000000083800000, 0x0000000083900000|  0%| F|  |TAMS 0x0000000083800000, 0x0000000083800000| Untracked 
|  35|0x0000000083900000, 0x0000000083900000, 0x0000000083a00000|  0%| F|  |TAMS 0x0000000083900000, 0x0000000083900000| Untracked 
|  36|0x0000000083a00000, 0x0000000083a00000, 0x0000000083b00000|  0%| F|  |TAMS 0x0000000083a00000, 0x0000000083a00000| Untracked 
|  37|0x0000000083b00000, 0x0000000083b00000, 0x0000000083c00000|  0%| F|  |TAMS 0x0000000083b00000, 0x0000000083b00000| Untracked 
|  38|0x0000000083c00000, 0x0000000083c00000, 0x0000000083d00000|  0%| F|  |TAMS 0x0000000083c00000, 0x0000000083c00000| Untracked 
|  39|0x0000000083d00000, 0x0000000083d00000, 0x0000000083e00000|  0%| F|  |TAMS 0x0000000083d00000, 0x0000000083d00000| Untracked 
|  40|0x0000000083e00000, 0x0000000083e00000, 0x0000000083f00000|  0%| F|  |TAMS 0x0000000083e00000, 0x0000000083e00000| Untracked 
|  41|0x0000000083f00000, 0x0000000083f00000, 0x0000000084000000|  0%| F|  |TAMS 0x0000000083f00000, 0x0000000083f00000| Untracked 
|  42|0x0000000084000000, 0x0000000084000000, 0x0000000084100000|  0%| F|  |TAMS 0x0000000084000000, 0x0000000084000000| Untracked 
|  43|0x0000000084100000, 0x0000000084100000, 0x0000000084200000|  0%| F|  |TAMS 0x0000000084100000, 0x0000000084100000| Untracked 
|  44|0x0000000084200000, 0x0000000084200000, 0x0000000084300000|  0%| F|  |TAMS 0x0000000084200000, 0x0000000084200000| Untracked 
|  45|0x0000000084300000, 0x0000000084300000, 0x0000000084400000|  0%| F|  |TAMS 0x0000000084300000, 0x0000000084300000| Untracked 
|  46|0x0000000084400000, 0x0000000084400000, 0x0000000084500000|  0%| F|  |TAMS 0x0000000084400000, 0x0000000084400000| Untracked 
|  47|0x0000000084500000, 0x0000000084500000, 0x0000000084600000|  0%| F|  |TAMS 0x0000000084500000, 0x0000000084500000| Untracked 
|  48|0x0000000084600000, 0x0000000084600000, 0x0000000084700000|  0%| F|  |TAMS 0x0000000084600000, 0x0000000084600000| Untracked 
|  49|0x0000000084700000, 0x0000000084700000, 0x0000000084800000|  0%| F|  |TAMS 0x0000000084700000, 0x0000000084700000| Untracked 
|  50|0x0000000084800000, 0x0000000084800000, 0x0000000084900000|  0%| F|  |TAMS 0x0000000084800000, 0x0000000084800000| Untracked 
|  51|0x0000000084900000, 0x0000000084900000, 0x0000000084a00000|  0%| F|  |TAMS 0x0000000084900000, 0x0000000084900000| Untracked 
|  52|0x0000000084a00000, 0x0000000084a00000, 0x0000000084b00000|  0%| F|  |TAMS 0x0000000084a00000, 0x0000000084a00000| Untracked 
|  53|0x0000000084b00000, 0x0000000084b00000, 0x0000000084c00000|  0%| F|  |TAMS 0x0000000084b00000, 0x0000000084b00000| Untracked 
|  54|0x0000000084c00000, 0x0000000084c00000, 0x0000000084d00000|  0%| F|  |TAMS 0x0000000084c00000, 0x0000000084c00000| Untracked 
|  55|0x0000000084d00000, 0x0000000084d00000, 0x0000000084e00000|  0%| F|  |TAMS 0x0000000084d00000, 0x0000000084d00000| Untracked 
|  56|0x0000000084e00000, 0x0000000084e00000, 0x0000000084f00000|  0%| F|  |TAMS 0x0000000084e00000, 0x0000000084e00000| Untracked 
|  57|0x0000000084f00000, 0x0000000084f00000, 0x0000000085000000|  0%| F|  |TAMS 0x0000000084f00000, 0x0000000084f00000| Untracked 
|  58|0x0000000085000000, 0x0000000085000000, 0x0000000085100000|  0%| F|  |TAMS 0x0000000085000000, 0x0000000085000000| Untracked 
|  59|0x0000000085100000, 0x0000000085100000, 0x0000000085200000|  0%| F|  |TAMS 0x0000000085100000, 0x0000000085100000| Untracked 
|  60|0x0000000085200000, 0x0000000085200000, 0x0000000085300000|  0%| F|  |TAMS 0x0000000085200000, 0x0000000085200000| Untracked 
|  61|0x0000000085300000, 0x0000000085300000, 0x0000000085400000|  0%| F|  |TAMS 0x0000000085300000, 0x0000000085300000| Untracked 
|  62|0x0000000085400000, 0x0000000085400000, 0x0000000085500000|  0%| F|  |TAMS 0x0000000085400000, 0x0000000085400000| Untracked 
|  63|0x0000000085500000, 0x0000000085500000, 0x0000000085600000|  0%| F|  |TAMS 0x0000000085500000, 0x0000000085500000| Untracked 
|  64|0x0000000085600000, 0x0000000085600000, 0x0000000085700000|  0%| F|  |TAMS 0x0000000085600000, 0x0000000085600000| Untracked 
|  65|0x0000000085700000, 0x0000000085700000, 0x0000000085800000|  0%| F|  |TAMS 0x0000000085700000, 0x0000000085700000| Untracked 
|  66|0x0000000085800000, 0x0000000085800000, 0x0000000085900000|  0%| F|  |TAMS 0x0000000085800000, 0x0000000085800000| Untracked 
|  67|0x0000000085900000, 0x0000000085900000, 0x0000000085a00000|  0%| F|  |TAMS 0x0000000085900000, 0x0000000085900000| Untracked 
|  68|0x0000000085a00000, 0x0000000085a00000, 0x0000000085b00000|  0%| F|  |TAMS 0x0000000085a00000, 0x0000000085a00000| Untracked 
|  69|0x0000000085b00000, 0x0000000085b00000, 0x0000000085c00000|  0%| F|  |TAMS 0x0000000085b00000, 0x0000000085b00000| Untracked 
|  70|0x0000000085c00000, 0x0000000085c00000, 0x0000000085d00000|  0%| F|  |TAMS 0x0000000085c00000, 0x0000000085c00000| Untracked 
|  71|0x0000000085d00000, 0x0000000085d00000, 0x0000000085e00000|  0%| F|  |TAMS 0x0000000085d00000, 0x0000000085d00000| Untracked 
|  72|0x0000000085e00000, 0x0000000085e00000, 0x0000000085f00000|  0%| F|  |TAMS 0x0000000085e00000, 0x0000000085e00000| Untracked 
|  73|0x0000000085f00000, 0x0000000085f00000, 0x0000000086000000|  0%| F|  |TAMS 0x0000000085f00000, 0x0000000085f00000| Untracked 
|  74|0x0000000086000000, 0x0000000086000000, 0x0000000086100000|  0%| F|  |TAMS 0x0000000086000000, 0x0000000086000000| Untracked 
|  75|0x0000000086100000, 0x0000000086100000, 0x0000000086200000|  0%| F|  |TAMS 0x0000000086100000, 0x0000000086100000| Untracked 
|  76|0x0000000086200000, 0x0000000086200000, 0x0000000086300000|  0%| F|  |TAMS 0x0000000086200000, 0x0000000086200000| Untracked 
|  77|0x0000000086300000, 0x0000000086300000, 0x0000000086400000|  0%| F|  |TAMS 0x0000000086300000, 0x0000000086300000| Untracked 
|  78|0x0000000086400000, 0x0000000086400000, 0x0000000086500000|  0%| F|  |TAMS 0x0000000086400000, 0x0000000086400000| Untracked 
|  79|0x0000000086500000, 0x0000000086500000, 0x0000000086600000|  0%| F|  |TAMS 0x0000000086500000, 0x0000000086500000| Untracked 
|  80|0x0000000086600000, 0x0000000086600000, 0x0000000086700000|  0%| F|  |TAMS 0x0000000086600000, 0x0000000086600000| Untracked 
|  81|0x0000000086700000, 0x0000000086700000, 0x0000000086800000|  0%| F|  |TAMS 0x0000000086700000, 0x0000000086700000| Untracked 
|  82|0x0000000086800000, 0x0000000086800000, 0x0000000086900000|  0%| F|  |TAMS 0x0000000086800000, 0x0000000086800000| Untracked 
|  83|0x0000000086900000, 0x0000000086900000, 0x0000000086a00000|  0%| F|  |TAMS 0x0000000086900000, 0x0000000086900000| Untracked 
|  84|0x0000000086a00000, 0x0000000086a00000, 0x0000000086b00000|  0%| F|  |TAMS 0x0000000086a00000, 0x0000000086a00000| Untracked 
|  85|0x0000000086b00000, 0x0000000086b00000, 0x0000000086c00000|  0%| F|  |TAMS 0x0000000086b00000, 0x0000000086b00000| Untracked 
|  86|0x0000000086c00000, 0x0000000086c00000, 0x0000000086d00000|  0%| F|  |TAMS 0x0000000086c00000, 0x0000000086c00000| Untracked 
|  87|0x0000000086d00000, 0x0000000086d00000, 0x0000000086e00000|  0%| F|  |TAMS 0x0000000086d00000, 0x0000000086d00000| Untracked 
|  88|0x0000000086e00000, 0x0000000086e00000, 0x0000000086f00000|  0%| F|  |TAMS 0x0000000086e00000, 0x0000000086e00000| Untracked 
|  89|0x0000000086f00000, 0x0000000086f00000, 0x0000000087000000|  0%| F|  |TAMS 0x0000000086f00000, 0x0000000086f00000| Untracked 
|  90|0x0000000087000000, 0x0000000087000000, 0x0000000087100000|  0%| F|  |TAMS 0x0000000087000000, 0x0000000087000000| Untracked 
|  91|0x0000000087100000, 0x0000000087100000, 0x0000000087200000|  0%| F|  |TAMS 0x0000000087100000, 0x0000000087100000| Untracked 
|  92|0x0000000087200000, 0x0000000087200000, 0x0000000087300000|  0%| F|  |TAMS 0x0000000087200000, 0x0000000087200000| Untracked 
|  93|0x0000000087300000, 0x0000000087300000, 0x0000000087400000|  0%| F|  |TAMS 0x0000000087300000, 0x0000000087300000| Untracked 
|  94|0x0000000087400000, 0x0000000087400000, 0x0000000087500000|  0%| F|  |TAMS 0x0000000087400000, 0x0000000087400000| Untracked 
|  95|0x0000000087500000, 0x0000000087500000, 0x0000000087600000|  0%| F|  |TAMS 0x0000000087500000, 0x0000000087500000| Untracked 
|  96|0x0000000087600000, 0x0000000087600000, 0x0000000087700000|  0%| F|  |TAMS 0x0000000087600000, 0x0000000087600000| Untracked 
|  97|0x0000000087700000, 0x0000000087700000, 0x0000000087800000|  0%| F|  |TAMS 0x0000000087700000, 0x0000000087700000| Untracked 
|  98|0x0000000087800000, 0x0000000087800000, 0x0000000087900000|  0%| F|  |TAMS 0x0000000087800000, 0x0000000087800000| Untracked 
|  99|0x0000000087900000, 0x0000000087900000, 0x0000000087a00000|  0%| F|  |TAMS 0x0000000087900000, 0x0000000087900000| Untracked 
| 100|0x0000000087a00000, 0x0000000087a00000, 0x0000000087b00000|  0%| F|  |TAMS 0x0000000087a00000, 0x0000000087a00000| Untracked 
| 101|0x0000000087b00000, 0x0000000087b00000, 0x0000000087c00000|  0%| F|  |TAMS 0x0000000087b00000, 0x0000000087b00000| Untracked 
| 102|0x0000000087c00000, 0x0000000087c00000, 0x0000000087d00000|  0%| F|  |TAMS 0x0000000087c00000, 0x0000000087c00000| Untracked 
| 103|0x0000000087d00000, 0x0000000087d00000, 0x0000000087e00000|  0%| F|  |TAMS 0x0000000087d00000, 0x0000000087d00000| Untracked 
| 104|0x0000000087e00000, 0x0000000087e00000, 0x0000000087f00000|  0%| F|  |TAMS 0x0000000087e00000, 0x0000000087e00000| Untracked 
| 105|0x0000000087f00000, 0x0000000087f00000, 0x0000000088000000|  0%| F|  |TAMS 0x0000000087f00000, 0x0000000087f00000| Untracked 
| 106|0x0000000088000000, 0x0000000088000000, 0x0000000088100000|  0%| F|  |TAMS 0x0000000088000000, 0x0000000088000000| Untracked 
| 107|0x0000000088100000, 0x0000000088100000, 0x0000000088200000|  0%| F|  |TAMS 0x0000000088100000, 0x0000000088100000| Untracked 
| 108|0x0000000088200000, 0x0000000088200000, 0x0000000088300000|  0%| F|  |TAMS 0x0000000088200000, 0x0000000088200000| Untracked 
| 109|0x0000000088300000, 0x0000000088300000, 0x0000000088400000|  0%| F|  |TAMS 0x0000000088300000, 0x0000000088300000| Untracked 
| 110|0x0000000088400000, 0x0000000088400000, 0x0000000088500000|  0%| F|  |TAMS 0x0000000088400000, 0x0000000088400000| Untracked 
| 111|0x0000000088500000, 0x0000000088500000, 0x0000000088600000|  0%| F|  |TAMS 0x0000000088500000, 0x0000000088500000| Untracked 
| 112|0x0000000088600000, 0x0000000088600000, 0x0000000088700000|  0%| F|  |TAMS 0x0000000088600000, 0x0000000088600000| Untracked 
| 113|0x0000000088700000, 0x0000000088700000, 0x0000000088800000|  0%| F|  |TAMS 0x0000000088700000, 0x0000000088700000| Untracked 
| 114|0x0000000088800000, 0x0000000088800000, 0x0000000088900000|  0%| F|  |TAMS 0x0000000088800000, 0x0000000088800000| Untracked 
| 115|0x0000000088900000, 0x0000000088900000, 0x0000000088a00000|  0%| F|  |TAMS 0x0000000088900000, 0x0000000088900000| Untracked 
| 116|0x0000000088a00000, 0x0000000088a00000, 0x0000000088b00000|  0%| F|  |TAMS 0x0000000088a00000, 0x0000000088a00000| Untracked 
| 117|0x0000000088b00000, 0x0000000088b00000, 0x0000000088c00000|  0%| F|  |TAMS 0x0000000088b00000, 0x0000000088b00000| Untracked 
| 118|0x0000000088c00000, 0x0000000088c00000, 0x0000000088d00000|  0%| F|  |TAMS 0x0000000088c00000, 0x0000000088c00000| Untracked 
| 119|0x0000000088d00000, 0x0000000088d00000, 0x0000000088e00000|  0%| F|  |TAMS 0x0000000088d00000, 0x0000000088d00000| Untracked 
| 120|0x0000000088e00000, 0x0000000088e00000, 0x0000000088f00000|  0%| F|  |TAMS 0x0000000088e00000, 0x0000000088e00000| Untracked 
| 121|0x0000000088f00000, 0x0000000088f00000, 0x0000000089000000|  0%| F|  |TAMS 0x0000000088f00000, 0x0000000088f00000| Untracked 
| 122|0x0000000089000000, 0x0000000089000000, 0x0000000089100000|  0%| F|  |TAMS 0x0000000089000000, 0x0000000089000000| Untracked 
| 123|0x0000000089100000, 0x0000000089100000, 0x0000000089200000|  0%| F|  |TAMS 0x0000000089100000, 0x0000000089100000| Untracked 
| 124|0x0000000089200000, 0x0000000089200000, 0x0000000089300000|  0%| F|  |TAMS 0x0000000089200000, 0x0000000089200000| Untracked 
| 125|0x0000000089300000, 0x0000000089300000, 0x0000000089400000|  0%| F|  |TAMS 0x0000000089300000, 0x0000000089300000| Untracked 
| 126|0x0000000089400000, 0x000000008947b630, 0x0000000089500000| 48%| E|  |TAMS 0x0000000089400000, 0x0000000089400000| Complete 
| 127|0x0000000089500000, 0x0000000089600000, 0x0000000089600000|100%| E|CS|TAMS 0x0000000089500000, 0x0000000089500000| Complete 

Card table byte_map: [0x000001c5d9bb0000,0x000001c5d9fb0000] _byte_map_base: 0x000001c5d97a5000

Marking Bits (Prev, Next): (CMBitMap*) 0x000001c5c1eb1a78, (CMBitMap*) 0x000001c5c1eb1ab8
 Prev Bits: [0x000001c5da3b0000, 0x000001c5dc358000)
 Next Bits: [0x000001c5dc360000, 0x000001c5de308000)

Polling page: 0x000001c5bfca0000

Metaspace:

Usage:
  Non-class:      4.02 MB capacity,   313.23 KB (  8%) used,     3.71 MB ( 92%) free+waste,     1.38 KB ( <1%) overhead. 
      Class:    398.00 KB capacity,    32.55 KB (  8%) used,   364.52 KB ( 92%) free+waste,   960 bytes ( <1%) overhead. 
       Both:      4.41 MB capacity,   345.78 KB (  8%) used,     4.07 MB ( 92%) free+waste,     2.31 KB ( <1%) overhead. 

Virtual space:
  Non-class space:        8.00 MB reserved,       4.25 MB ( 53%) committed 
      Class space:        1.00 GB reserved,     512.00 KB ( <1%) committed 
             Both:        1.01 GB reserved,       4.75 MB ( <1%) committed 

Chunk freelists:
   Non-Class:  0 bytes
       Class:  0 bytes
        Both:  0 bytes

MaxMetaspaceSize: 17179869184.00 GB
CompressedClassSpaceSize: 1.00 GB

CodeHeap 'non-profiled nmethods': size=120000Kb used=44Kb max_used=44Kb free=119955Kb
 bounds [0x000001c5d1e40000, 0x000001c5d20b0000, 0x000001c5d9370000]
CodeHeap 'profiled nmethods': size=120000Kb used=149Kb max_used=149Kb free=119851Kb
 bounds [0x000001c5ca910000, 0x000001c5cab80000, 0x000001c5d1e40000]
CodeHeap 'non-nmethods': size=5760Kb used=1086Kb max_used=1100Kb free=4673Kb
 bounds [0x000001c5ca370000, 0x000001c5ca5e0000, 0x000001c5ca910000]
 total_blobs=750 nmethods=124 adapters=221
 compilation: enabled
              stopped_count=0, restarted_count=0
 full_count=0

Compilation events (20 events):
Event: 0.065 Thread 0x000001c5e0d8b000 nmethod 97 0x000001c5d1e47310 code [0x000001c5d1e474a0, 0x000001c5d1e47518]
Event: 0.065 Thread 0x000001c5e0d8c000 nmethod 94 0x000001c5ca92c910 code [0x000001c5ca92cb00, 0x000001c5ca92cff0]
Event: 0.065 Thread 0x000001c5e0d8c000   98       3       java.lang.module.ModuleDescriptor$Exports::isQualified (18 bytes)
Event: 0.065 Thread 0x000001c5e0d8c000 nmethod 98 0x000001c5ca92d190 code [0x000001c5ca92d340, 0x000001c5ca92d5f0]
Event: 0.065 Thread 0x000001c5e0d8c000   99       3       java.util.ImmutableCollections$SetN::isEmpty (13 bytes)
Event: 0.066 Thread 0x000001c5e0d8b000  100       4       java.lang.String::hashCode (60 bytes)
Event: 0.066 Thread 0x000001c5e0d8c000 nmethod 99 0x000001c5ca92d690 code [0x000001c5ca92d840, 0x000001c5ca92da18]
Event: 0.066 Thread 0x000001c5e0d8c000   88       3       java.lang.module.ModuleDescriptor::hashCode (170 bytes)
Event: 0.066 Thread 0x000001c5e0d8c000 nmethod 88 0x000001c5ca92da90 code [0x000001c5ca92dd40, 0x000001c5ca92eab0]
Event: 0.066 Thread 0x000001c5e0d8c000  101       3       java.util.HashMap::putIfAbsent (13 bytes)
Event: 0.066 Thread 0x000001c5e0d8c000 nmethod 101 0x000001c5ca92ee90 code [0x000001c5ca92f060, 0x000001c5ca92f3e0]
Event: 0.066 Thread 0x000001c5e0d8c000   95       1       java.lang.module.ModuleDescriptor$Exports::source (5 bytes)
Event: 0.066 Thread 0x000001c5e0d8c000 nmethod 95 0x000001c5d1e47610 code [0x000001c5d1e477a0, 0x000001c5d1e478d8]
Event: 0.066 Thread 0x000001c5e0d8c000   96       1       java.lang.module.ModuleDescriptor$Exports::targets (5 bytes)
Event: 0.066 Thread 0x000001c5e0d8c000 nmethod 96 0x000001c5d1e47990 code [0x000001c5d1e47b20, 0x000001c5d1e47c58]
Event: 0.066 Thread 0x000001c5e0d8c000  102       3       java.util.ImmutableCollections$Set12::contains (28 bytes)
Event: 0.066 Thread 0x000001c5e0d8c000 nmethod 102 0x000001c5ca92f510 code [0x000001c5ca92f6e0, 0x000001c5ca92fac0]
Event: 0.067 Thread 0x000001c5e0d8c000   87       1       java.util.ImmutableCollections$SetN::size (5 bytes)
Event: 0.067 Thread 0x000001c5e0d8c000 nmethod 87 0x000001c5d1e47d10 code [0x000001c5d1e47ea0, 0x000001c5d1e47fd8]
Event: 0.067 Thread 0x000001c5e0d8c000  105       3       java.util.HashMap$KeyIterator::next (8 bytes)

GC Heap History (0 events):
No events

Deoptimization events (0 events):
No events

Classes unloaded (0 events):
No events

Classes redefined (0 events):
No events

Internal exceptions (0 events):
No events

Events (20 events):
Event: 0.042 loading class java/util/Spliterators$IteratorSpliterator done
Event: 0.045 loading class java/lang/Module$ReflectionData
Event: 0.045 loading class java/lang/Module$ReflectionData done
Event: 0.046 loading class java/lang/WeakPairMap
Event: 0.046 loading class java/lang/WeakPairMap done
Event: 0.046 loading class java/lang/WeakPairMap$Pair
Event: 0.046 loading class java/lang/WeakPairMap$Pair done
Event: 0.046 loading class java/lang/WeakPairMap$Pair$Lookup
Event: 0.046 loading class java/lang/WeakPairMap$Pair$Lookup done
Event: 0.053 Thread 0x000001c5e0d4d800 Thread added: 0x000001c5e0d4d800
Event: 0.057 loading class java/lang/invoke/DirectMethodHandle$Interface
Event: 0.057 loading class java/lang/invoke/DirectMethodHandle$Interface done
Event: 0.061 loading class java/lang/module/Resolver
Event: 0.062 loading class java/lang/module/Resolver done
Event: 0.062 loading class java/lang/module/ModuleFinder$1
Event: 0.062 loading class java/lang/module/ModuleFinder$1 done
Event: 0.063 loading class java/util/LinkedHashSet
Event: 0.063 loading class java/util/LinkedHashSet done
Event: 0.063 Executing VM operation: Deoptimize
Event: 0.063 Executing VM operation: Deoptimize done


Dynamic libraries:
0x00007ff6ddeb0000 - 0x00007ff6ddebf000 	C:\Program Files\Java\jdk-13.0.2\bin\java.exe
0x00007ff993960000 - 0x00007ff993b50000 	C:\Windows\SYSTEM32\ntdll.dll
0x00007ff9923e0000 - 0x00007ff992492000 	C:\Windows\System32\KERNEL32.DLL
0x00007ff990ca0000 - 0x00007ff990f44000 	C:\Windows\System32\KERNELBASE.dll
0x00007ff990f70000 - 0x00007ff99106a000 	C:\Windows\System32\ucrtbase.dll
0x00007ff980da0000 - 0x00007ff980db8000 	C:\Program Files\Java\jdk-13.0.2\bin\jli.dll
0x00007ff980900000 - 0x00007ff980915000 	C:\Program Files\Java\jdk-13.0.2\bin\VCRUNTIME140.dll
0x00007ff992560000 - 0x00007ff992603000 	C:\Windows\System32\ADVAPI32.dll
0x00007ff9924b0000 - 0x00007ff99254e000 	C:\Windows\System32\msvcrt.dll
0x00007ff9932f0000 - 0x00007ff993387000 	C:\Windows\System32\sechost.dll
0x00007ff9921e0000 - 0x00007ff992300000 	C:\Windows\System32\RPCRT4.dll
0x00007ff992e40000 - 0x00007ff992fd4000 	C:\Windows\System32\USER32.dll
0x00007ff978400000 - 0x00007ff978684000 	C:\Windows\WinSxS\amd64_microsoft.windows.common-controls_6595b64144ccf1df_6.0.18362.836_none_e6c4b943130f18ed\COMCTL32.dll
0x00007ff991840000 - 0x00007ff991861000 	C:\Windows\System32\win32u.dll
0x00007ff9933a0000 - 0x00007ff9936d6000 	C:\Windows\System32\combase.dll
0x00007ff9926f0000 - 0x00007ff992716000 	C:\Windows\System32\GDI32.dll
0x00007ff9908f0000 - 0x00007ff990970000 	C:\Windows\System32\bcryptPrimitives.dll
0x00007ff991870000 - 0x00007ff991a04000 	C:\Windows\System32\gdi32full.dll
0x00007ff990af0000 - 0x00007ff990b8e000 	C:\Windows\System32\msvcp_win.dll
0x00007ff980460000 - 0x00007ff98046a000 	C:\Windows\SYSTEM32\VERSION.dll
0x00007ff992e10000 - 0x00007ff992e3e000 	C:\Windows\System32\IMM32.DLL
0x00007ff958d30000 - 0x00007ff958dcb000 	C:\Program Files\Java\jdk-13.0.2\bin\msvcp140.dll
0x00007ff945bd0000 - 0x00007ff94672d000 	C:\Program Files\Java\jdk-13.0.2\bin\server\jvm.dll
0x00007ff993390000 - 0x00007ff993398000 	C:\Windows\System32\PSAPI.DLL
0x00007ff98a0d0000 - 0x00007ff98a0d9000 	C:\Windows\SYSTEM32\WSOCK32.dll
0x00007ff98e0b0000 - 0x00007ff98e0d4000 	C:\Windows\SYSTEM32\WINMM.dll
0x00007ff993750000 - 0x00007ff9937bf000 	C:\Windows\System32\WS2_32.dll
0x00007ff98dea0000 - 0x00007ff98decd000 	C:\Windows\SYSTEM32\winmmbase.dll
0x00007ff991070000 - 0x00007ff9910ba000 	C:\Windows\System32\cfgmgr32.dll
0x00007ff990850000 - 0x00007ff990861000 	C:\Windows\System32\kernel.appcore.dll
0x00007ff98a0c0000 - 0x00007ff98a0d0000 	C:\Program Files\Java\jdk-13.0.2\bin\verify.dll
0x00007ff97ce20000 - 0x00007ff97d014000 	C:\Windows\SYSTEM32\DBGHELP.DLL
0x00007ff97d590000 - 0x00007ff97d5ba000 	C:\Windows\SYSTEM32\dbgcore.DLL
0x00007ff97bfd0000 - 0x00007ff97bff6000 	C:\Program Files\Java\jdk-13.0.2\bin\java.dll
0x00007ff98e5e0000 - 0x00007ff98e5ee000 	C:\Program Files\Java\jdk-13.0.2\bin\instrument.dll
0x00007ff97a3b0000 - 0x00007ff97a3c7000 	C:\Program Files\Java\jdk-13.0.2\bin\zip.dll
0x00007ff984260000 - 0x00007ff98426a000 	C:\Program Files\Java\jdk-13.0.2\bin\jimage.dll
0x00007ff992720000 - 0x00007ff992e04000 	C:\Windows\System32\SHELL32.dll
0x00007ff992060000 - 0x00007ff992109000 	C:\Windows\System32\shcore.dll
0x00007ff9910c0000 - 0x00007ff99183e000 	C:\Windows\System32\windows.storage.dll
0x00007ff990870000 - 0x00007ff990893000 	C:\Windows\System32\profapi.dll
0x00007ff9908a0000 - 0x00007ff9908ea000 	C:\Windows\System32\powrprof.dll
0x00007ff990820000 - 0x00007ff990830000 	C:\Windows\System32\UMPDC.dll
0x00007ff992610000 - 0x00007ff992662000 	C:\Windows\System32\shlwapi.dll
0x00007ff990f50000 - 0x00007ff990f67000 	C:\Windows\System32\cryptsp.dll

dbghelp: loaded successfully - version: 4.0.5 - missing functions: none
symbol engine: initialized successfully - sym options: 0x614 - pdb path: .;C:\Program Files\Java\jdk-13.0.2\bin;C:\Windows\SYSTEM32;C:\Windows\WinSxS\amd64_microsoft.windows.common-controls_6595b64144ccf1df_6.0.18362.836_none_e6c4b943130f18ed;C:\Program Files\Java\jdk-13.0.2\bin\server

VM Arguments:
jvm_args: -javaagent:C:\Program Files\JetBrains\IntelliJ IDEA Community Edition 2020.1\lib\idea_rt.jar=62766:C:\Program Files\JetBrains\IntelliJ IDEA Community Edition 2020.1\bin -Dfile.encoding=UTF-8 
java_command: pyf
java_class_path (initial): C:\Users\sana2\lab5\out\production\lab5
Launcher Type: SUN_STANDARD

[Global flags]
     intx CICompilerCount                          = 4                                         {product} {ergonomic}
     uint ConcGCThreads                            = 2                                         {product} {ergonomic}
     uint G1ConcRefinementThreads                  = 8                                         {product} {ergonomic}
   size_t G1HeapRegionSize                         = 1048576                                   {product} {ergonomic}
    uintx GCDrainStackTargetSize                   = 64                                        {product} {ergonomic}
   size_t InitialHeapSize                          = 134217728                                 {product} {ergonomic}
   size_t MarkStackSize                            = 4194304                                   {product} {ergonomic}
   size_t MaxHeapSize                              = 2124414976                                {product} {ergonomic}
   size_t MaxNewSize                               = 1274019840                                {product} {ergonomic}
   size_t MinHeapDeltaBytes                        = 1048576                                   {product} {ergonomic}
   size_t MinHeapSize                              = 8388608                                   {product} {ergonomic}
    uintx NonNMethodCodeHeapSize                   = 5839372                                {pd product} {ergonomic}
    uintx NonProfiledCodeHeapSize                  = 122909434                              {pd product} {ergonomic}
    uintx ProfiledCodeHeapSize                     = 122909434                              {pd product} {ergonomic}
    uintx ReservedCodeCacheSize                    = 251658240                              {pd product} {ergonomic}
     bool SegmentedCodeCache                       = true                                      {product} {ergonomic}
   size_t SoftMaxHeapSize                          = 2124414976                             {manageable} {ergonomic}
     bool UseCompressedClassPointers               = true                                 {lp64_product} {ergonomic}
     bool UseCompressedOops                        = true                                 {lp64_product} {ergonomic}
     bool UseG1GC                                  = true                                      {product} {ergonomic}
     bool UseLargePagesIndividualAllocation        = false                                  {pd product} {ergonomic}

Logging:
Log output configuration:
 #0: stdout all=warning uptime,level,tags
 #1: stderr all=off uptime,level,tags

Environment Variables:
PATH=C:\Program Files (x86)\Common Files\Oracle\Java\javapath;C:\Windows\system32;C:\Windows;C:\Windows\System32\Wbem;C:\Windows\System32\WindowsPowerShell\v1.0\;C:\Windows\System32\OpenSSH\;C:\Program Files (x86)\scala\bin;C:\Program Files\Git\cmd;C:\Program Files\Git\mingw64\bin;C:\Program Files\Git\usr\bin;c:\Program Files (x86)\Microsoft SQL Server\100\Tools\Binn\;c:\Program Files\Microsoft SQL Server\100\Tools\Binn\;c:\Program Files\Microsoft SQL Server\100\DTS\Binn\;C:\Users\sana2\AppData\Local\Microsoft\WindowsApps;C:\Program Files\JetBrains\IntelliJ IDEA Community Edition 2020.1\bin;;C:\Program Files\Git;
USERNAME=sana2
OS=Windows_NT
PROCESSOR_IDENTIFIER=Intel64 Family 6 Model 142 Stepping 10, GenuineIntel



---------------  S Y S T E M  ---------------

OS: Windows 10 , 64 bit Build 18362 (10.0.18362.778)

CPU:total 8 (initial active 8) (4 cores per cpu, 2 threads per core) family 6 model 142 stepping 10, cmov, cx8, fxsr, mmx, sse, sse2, sse3, ssse3, sse4.1, sse4.2, popcnt, avx, avx2, aes, clmul, erms, 3dnowpref, lzcnt, ht, tsc, tscinvbit, bmi1, bmi2, adx, fma

Memory: 4k page, system-wide physical 8101M (1997M free)
TotalPageFile size 8101M (AvailPageFile size 221M)
current process WorkingSet (physical memory assigned to process): 28M, peak: 28M
current process commit charge ("private bytes"): 214M, peak: 214M

vm_info: Java HotSpot(TM) 64-Bit Server VM (13.0.2+8) for windows-amd64 JRE (13.0.2+8), built on Dec 11 2019 09:20:33 by "mach5one" with unknown MS VC++:1916

END.
